<?xml version="1.0" encoding="UTF-8"?>
<!-- Generated by org.testng.reporters.JUnitXMLReporter -->
<testsuite hostname="DESKTOP-SC2E7I1" ignored="7" name="Default test(failed)" tests="1" failures="1" timestamp="27 Apr 2020 18:04:54 GMT" time="86.915" errors="0">
  <testcase name="Row_Edit_Site_Alis" time="78.666" classname="TESTS.siteTest">
    <failure type="org.openqa.selenium.NoSuchElementException" message="no such element: Unable to locate element: {&amp;quot;method&amp;quot;:&amp;quot;xpath&amp;quot;,&amp;quot;selector&amp;quot;:&amp;quot;//div[@class=&amp;apos;scrolHorizontal&amp;apos;]//tr[2]//td[1]//div[1]//input[1]&amp;quot;}
  (Session info: chrome=81.0.4044.122)
For documentation on this error, please visit: http://seleniumhq.org/exceptions/no_such_element.html
Build info: version: &amp;apos;3.14.0&amp;apos;, revision: &amp;apos;aacccce0&amp;apos;, time: &amp;apos;2018-08-02T20:19:58.91Z&amp;apos;
System info: host: &amp;apos;DESKTOP-SC2E7I1&amp;apos;, ip: &amp;apos;172.20.10.2&amp;apos;, os.name: &amp;apos;Windows 10&amp;apos;, os.arch: &amp;apos;amd64&amp;apos;, os.version: &amp;apos;10.0&amp;apos;, java.version: &amp;apos;1.8.0_181&amp;apos;
Driver info: org.openqa.selenium.chrome.ChromeDriver
Capabilities {acceptInsecureCerts: false, browserName: chrome, browserVersion: 81.0.4044.122, chrome: {chromedriverVersion: 81.0.4044.69 (6813546031a4b..., userDataDir: C:\Users\TONYST~1\AppData\L...}, goog:chromeOptions: {debuggerAddress: localhost:58984}, javascriptEnabled: true, networkConnectionEnabled: false, pageLoadStrategy: normal, platform: WINDOWS, platformName: WINDOWS, proxy: Proxy(), setWindowRect: true, strictFileInteractability: false, timeouts: {implicit: 0, pageLoad: 300000, script: 30000}, unhandledPromptBehavior: dismiss and notify, webauthn:virtualAuthenticators: true}
Session ID: eb87689bfb02f2004926780a6bcc3754
*** Element info: {Using=xpath, value=//div[@class=&amp;apos;scrolHorizontal&amp;apos;]//tr[2]//td[1]//div[1]//input[1]}">
      <![CDATA[org.openqa.selenium.NoSuchElementException: no such element: Unable to locate element: {"method":"xpath","selector":"//div[@class='scrolHorizontal']//tr[2]//td[1]//div[1]//input[1]"}
  (Session info: chrome=81.0.4044.122)
For documentation on this error, please visit: http://seleniumhq.org/exceptions/no_such_element.html
Build info: version: '3.14.0', revision: 'aacccce0', time: '2018-08-02T20:19:58.91Z'
System info: host: 'DESKTOP-SC2E7I1', ip: '172.20.10.2', os.name: 'Windows 10', os.arch: 'amd64', os.version: '10.0', java.version: '1.8.0_181'
Driver info: org.openqa.selenium.chrome.ChromeDriver
Capabilities {acceptInsecureCerts: false, browserName: chrome, browserVersion: 81.0.4044.122, chrome: {chromedriverVersion: 81.0.4044.69 (6813546031a4b..., userDataDir: C:\Users\TONYST~1\AppData\L...}, goog:chromeOptions: {debuggerAddress: localhost:58984}, javascriptEnabled: true, networkConnectionEnabled: false, pageLoadStrategy: normal, platform: WINDOWS, platformName: WINDOWS, proxy: Proxy(), setWindowRect: true, strictFileInteractability: false, timeouts: {implicit: 0, pageLoad: 300000, script: 30000}, unhandledPromptBehavior: dismiss and notify, webauthn:virtualAuthenticators: true}
Session ID: eb87689bfb02f2004926780a6bcc3754
*** Element info: {Using=xpath, value=//div[@class='scrolHorizontal']//tr[2]//td[1]//div[1]//input[1]}
at org.openqa.selenium.remote.http.W3CHttpResponseCodec.createException(W3CHttpResponseCodec.java:187)
at org.openqa.selenium.remote.http.W3CHttpResponseCodec.decode(W3CHttpResponseCodec.java:122)
at org.openqa.selenium.remote.http.W3CHttpResponseCodec.decode(W3CHttpResponseCodec.java:49)
at org.openqa.selenium.remote.HttpCommandExecutor.execute(HttpCommandExecutor.java:158)
at org.openqa.selenium.remote.service.DriverCommandExecutor.execute(DriverCommandExecutor.java:83)
at org.openqa.selenium.remote.RemoteWebDriver.execute(RemoteWebDriver.java:548)
at org.openqa.selenium.remote.RemoteWebDriver.findElement(RemoteWebDriver.java:322)
at org.openqa.selenium.remote.RemoteWebDriver.findElementByXPath(RemoteWebDriver.java:424)
at org.openqa.selenium.By$ByXPath.findElement(By.java:353)
at org.openqa.selenium.remote.RemoteWebDriver.findElement(RemoteWebDriver.java:314)
at org.openqa.selenium.support.pagefactory.DefaultElementLocator.findElement(DefaultElementLocator.java:69)
at org.openqa.selenium.support.pagefactory.internal.LocatingElementHandler.invoke(LocatingElementHandler.java:38)
at com.sun.proxy.$Proxy10.getAttribute(Unknown Source)
at POM.SitelistPage.getalisname(SitelistPage.java:135)
at TESTS.siteTest.Row_Edit_Site_Alis(siteTest.java:158)
... Removed 29 stack frames]]>
    </failure>
  </testcase> <!-- Row_Edit_Site_Alis -->
  <testcase name="Goto_Template_Navigation" time="0.0" classname="TESTS.siteTest">
    <ignored/>
  </testcase> <!-- Goto_Template_Navigation -->
  <testcase name="Search_Test" time="0.0" classname="TESTS.siteTest">
    <ignored/>
  </testcase> <!-- Search_Test -->
  <testcase name="Goto_selected_Template_Navigation" time="0.0" classname="TESTS.siteTest">
    <ignored/>
  </testcase> <!-- Goto_selected_Template_Navigation -->
  <testcase name="sitePage_count" time="0.0" classname="TESTS.siteTest">
    <ignored/>
  </testcase> <!-- sitePage_count -->
  <testcase name="Goto_selected_CPE_Navigation" time="0.0" classname="TESTS.siteTest">
    <ignored/>
  </testcase> <!-- Goto_selected_CPE_Navigation -->
  <testcase name="Goto_CPE_Navigation" time="0.0" classname="TESTS.siteTest">
    <ignored/>
  </testcase> <!-- Goto_CPE_Navigation -->
  <testcase name="SitePage_Edit_Site_Alis" time="0.0" classname="TESTS.siteTest">
    <ignored/>
  </testcase> <!-- SitePage_Edit_Site_Alis -->
</testsuite> <!-- Default test(failed) -->
