<?xml version="1.0" encoding="UTF-8"?>
<!-- Generated by org.testng.reporters.JUnitXMLReporter -->
<testsuite hostname="DESKTOP-SC2E7I1" ignored="7" name="Default test(failed)(failed)" tests="1" failures="1" timestamp="27 Apr 2020 18:07:19 GMT" time="58.203" errors="0">
  <testcase name="Row_Edit_Site_Alis" time="46.976" classname="TESTS.siteTest">
    <failure type="org.openqa.selenium.ElementClickInterceptedException" message="element click intercepted: Element &amp;lt;button _ngcontent-c8=&amp;quot;&amp;quot; appsubscreenclick=&amp;quot;&amp;quot; class=&amp;quot;btn active-btn&amp;quot; ssid=&amp;quot;confirm&amp;quot;&amp;gt;...&amp;lt;/button&amp;gt; is not clickable at point (1201, 15). Other element would receive the click: &amp;lt;a _ngcontent-c1=&amp;quot;&amp;quot; appheaderdropdown=&amp;quot;&amp;quot; class=&amp;quot;nav-link withIn&amp;quot; href=&amp;quot;javascript:;&amp;quot;&amp;gt;...&amp;lt;/a&amp;gt;
  (Session info: chrome=81.0.4044.122)
Build info: version: &amp;apos;3.14.0&amp;apos;, revision: &amp;apos;aacccce0&amp;apos;, time: &amp;apos;2018-08-02T20:19:58.91Z&amp;apos;
System info: host: &amp;apos;DESKTOP-SC2E7I1&amp;apos;, ip: &amp;apos;172.20.10.2&amp;apos;, os.name: &amp;apos;Windows 10&amp;apos;, os.arch: &amp;apos;amd64&amp;apos;, os.version: &amp;apos;10.0&amp;apos;, java.version: &amp;apos;1.8.0_181&amp;apos;
Driver info: org.openqa.selenium.chrome.ChromeDriver
Capabilities {acceptInsecureCerts: false, browserName: chrome, browserVersion: 81.0.4044.122, chrome: {chromedriverVersion: 81.0.4044.69 (6813546031a4b..., userDataDir: C:\Users\TONYST~1\AppData\L...}, goog:chromeOptions: {debuggerAddress: localhost:59313}, javascriptEnabled: true, networkConnectionEnabled: false, pageLoadStrategy: normal, platform: WINDOWS, platformName: WINDOWS, proxy: Proxy(), setWindowRect: true, strictFileInteractability: false, timeouts: {implicit: 0, pageLoad: 300000, script: 30000}, unhandledPromptBehavior: dismiss and notify, webauthn:virtualAuthenticators: true}
Session ID: a640a8220d2d1ad95762109a5a5ed0bf">
      <![CDATA[org.openqa.selenium.ElementClickInterceptedException: element click intercepted: Element <button _ngcontent-c8="" appsubscreenclick="" class="btn active-btn" ssid="confirm">...</button> is not clickable at point (1201, 15). Other element would receive the click: <a _ngcontent-c1="" appheaderdropdown="" class="nav-link withIn" href="javascript:;">...</a>
  (Session info: chrome=81.0.4044.122)
Build info: version: '3.14.0', revision: 'aacccce0', time: '2018-08-02T20:19:58.91Z'
System info: host: 'DESKTOP-SC2E7I1', ip: '172.20.10.2', os.name: 'Windows 10', os.arch: 'amd64', os.version: '10.0', java.version: '1.8.0_181'
Driver info: org.openqa.selenium.chrome.ChromeDriver
Capabilities {acceptInsecureCerts: false, browserName: chrome, browserVersion: 81.0.4044.122, chrome: {chromedriverVersion: 81.0.4044.69 (6813546031a4b..., userDataDir: C:\Users\TONYST~1\AppData\L...}, goog:chromeOptions: {debuggerAddress: localhost:59313}, javascriptEnabled: true, networkConnectionEnabled: false, pageLoadStrategy: normal, platform: WINDOWS, platformName: WINDOWS, proxy: Proxy(), setWindowRect: true, strictFileInteractability: false, timeouts: {implicit: 0, pageLoad: 300000, script: 30000}, unhandledPromptBehavior: dismiss and notify, webauthn:virtualAuthenticators: true}
Session ID: a640a8220d2d1ad95762109a5a5ed0bf
at org.openqa.selenium.remote.http.W3CHttpResponseCodec.createException(W3CHttpResponseCodec.java:187)
at org.openqa.selenium.remote.http.W3CHttpResponseCodec.decode(W3CHttpResponseCodec.java:122)
at org.openqa.selenium.remote.http.W3CHttpResponseCodec.decode(W3CHttpResponseCodec.java:49)
at org.openqa.selenium.remote.HttpCommandExecutor.execute(HttpCommandExecutor.java:158)
at org.openqa.selenium.remote.service.DriverCommandExecutor.execute(DriverCommandExecutor.java:83)
at org.openqa.selenium.remote.RemoteWebDriver.execute(RemoteWebDriver.java:548)
at org.openqa.selenium.remote.RemoteWebElement.execute(RemoteWebElement.java:276)
at org.openqa.selenium.remote.RemoteWebElement.click(RemoteWebElement.java:83)
at org.openqa.selenium.support.pagefactory.internal.LocatingElementHandler.invoke(LocatingElementHandler.java:51)
at com.sun.proxy.$Proxy10.click(Unknown Source)
at POM.EditCPEsPage.filldata(EditCPEsPage.java:44)
at TESTS.siteTest.Row_Edit_Site_Alis(siteTest.java:154)
... Removed 33 stack frames]]>
    </failure>
  </testcase> <!-- Row_Edit_Site_Alis -->
  <testcase name="Goto_Template_Navigation" time="0.0" classname="TESTS.siteTest">
    <ignored/>
  </testcase> <!-- Goto_Template_Navigation -->
  <testcase name="Search_Test" time="0.0" classname="TESTS.siteTest">
    <ignored/>
  </testcase> <!-- Search_Test -->
  <testcase name="Goto_selected_Template_Navigation" time="0.0" classname="TESTS.siteTest">
    <ignored/>
  </testcase> <!-- Goto_selected_Template_Navigation -->
  <testcase name="sitePage_count" time="0.0" classname="TESTS.siteTest">
    <ignored/>
  </testcase> <!-- sitePage_count -->
  <testcase name="Goto_selected_CPE_Navigation" time="0.0" classname="TESTS.siteTest">
    <ignored/>
  </testcase> <!-- Goto_selected_CPE_Navigation -->
  <testcase name="Goto_CPE_Navigation" time="0.0" classname="TESTS.siteTest">
    <ignored/>
  </testcase> <!-- Goto_CPE_Navigation -->
  <testcase name="SitePage_Edit_Site_Alis" time="0.0" classname="TESTS.siteTest">
    <ignored/>
  </testcase> <!-- SitePage_Edit_Site_Alis -->
</testsuite> <!-- Default test(failed)(failed) -->
