<?xml version="1.0" encoding="UTF-8"?>
<!-- Generated by org.testng.reporters.JUnitXMLReporter -->
<testsuite hostname="DESKTOP-SC2E7I1" ignored="6" name="Test(failed)" tests="5" failures="3" timestamp="27 Apr 2020 11:45:12 GMT" time="826.041" errors="0">
  <testcase name="sitesearch" time="36.327" classname="TESTS.CPEsTest">
    <failure type="org.openqa.selenium.ElementClickInterceptedException" message="element click intercepted: Element &amp;lt;img _ngcontent-c7=&amp;quot;&amp;quot; alt=&amp;quot;&amp;quot; class=&amp;quot;srchIcn&amp;quot; src=&amp;quot;assets/images/search.png&amp;quot;&amp;gt; is not clickable at point (1084, 307). Other element would receive the click: &amp;lt;div _ngcontent-c6=&amp;quot;&amp;quot; class=&amp;quot;loading&amp;quot; id=&amp;quot;loading&amp;quot; style=&amp;quot;display: block;&amp;quot;&amp;gt;...&amp;lt;/div&amp;gt;
  (Session info: chrome=81.0.4044.122)
Build info: version: &amp;apos;3.14.0&amp;apos;, revision: &amp;apos;aacccce0&amp;apos;, time: &amp;apos;2018-08-02T20:19:58.91Z&amp;apos;
System info: host: &amp;apos;DESKTOP-SC2E7I1&amp;apos;, ip: &amp;apos;172.20.10.2&amp;apos;, os.name: &amp;apos;Windows 10&amp;apos;, os.arch: &amp;apos;amd64&amp;apos;, os.version: &amp;apos;10.0&amp;apos;, java.version: &amp;apos;1.8.0_181&amp;apos;
Driver info: org.openqa.selenium.chrome.ChromeDriver
Capabilities {acceptInsecureCerts: false, browserName: chrome, browserVersion: 81.0.4044.122, chrome: {chromedriverVersion: 81.0.4044.69 (6813546031a4b..., userDataDir: C:\Users\TONYST~1\AppData\L...}, goog:chromeOptions: {debuggerAddress: localhost:51759}, javascriptEnabled: true, networkConnectionEnabled: false, pageLoadStrategy: normal, platform: WINDOWS, platformName: WINDOWS, proxy: Proxy(), setWindowRect: true, strictFileInteractability: false, timeouts: {implicit: 0, pageLoad: 300000, script: 30000}, unhandledPromptBehavior: dismiss and notify, webauthn:virtualAuthenticators: true}
Session ID: e5857363b8f6df5bb0df9f5638a00e4c">
      <![CDATA[org.openqa.selenium.ElementClickInterceptedException: element click intercepted: Element <img _ngcontent-c7="" alt="" class="srchIcn" src="assets/images/search.png"> is not clickable at point (1084, 307). Other element would receive the click: <div _ngcontent-c6="" class="loading" id="loading" style="display: block;">...</div>
  (Session info: chrome=81.0.4044.122)
Build info: version: '3.14.0', revision: 'aacccce0', time: '2018-08-02T20:19:58.91Z'
System info: host: 'DESKTOP-SC2E7I1', ip: '172.20.10.2', os.name: 'Windows 10', os.arch: 'amd64', os.version: '10.0', java.version: '1.8.0_181'
Driver info: org.openqa.selenium.chrome.ChromeDriver
Capabilities {acceptInsecureCerts: false, browserName: chrome, browserVersion: 81.0.4044.122, chrome: {chromedriverVersion: 81.0.4044.69 (6813546031a4b..., userDataDir: C:\Users\TONYST~1\AppData\L...}, goog:chromeOptions: {debuggerAddress: localhost:51759}, javascriptEnabled: true, networkConnectionEnabled: false, pageLoadStrategy: normal, platform: WINDOWS, platformName: WINDOWS, proxy: Proxy(), setWindowRect: true, strictFileInteractability: false, timeouts: {implicit: 0, pageLoad: 300000, script: 30000}, unhandledPromptBehavior: dismiss and notify, webauthn:virtualAuthenticators: true}
Session ID: e5857363b8f6df5bb0df9f5638a00e4c
at org.openqa.selenium.remote.http.W3CHttpResponseCodec.createException(W3CHttpResponseCodec.java:187)
at org.openqa.selenium.remote.http.W3CHttpResponseCodec.decode(W3CHttpResponseCodec.java:122)
at org.openqa.selenium.remote.http.W3CHttpResponseCodec.decode(W3CHttpResponseCodec.java:49)
at org.openqa.selenium.remote.HttpCommandExecutor.execute(HttpCommandExecutor.java:158)
at org.openqa.selenium.remote.service.DriverCommandExecutor.execute(DriverCommandExecutor.java:83)
at org.openqa.selenium.remote.RemoteWebDriver.execute(RemoteWebDriver.java:548)
at org.openqa.selenium.remote.RemoteWebElement.execute(RemoteWebElement.java:276)
at org.openqa.selenium.remote.RemoteWebElement.click(RemoteWebElement.java:83)
at org.openqa.selenium.support.pagefactory.internal.LocatingElementHandler.invoke(LocatingElementHandler.java:51)
at com.sun.proxy.$Proxy10.click(Unknown Source)
at POM.CPEsPage.searchdata(CPEsPage.java:176)
at TESTS.CPEsTest.sitesearch(CPEsTest.java:135)
... Removed 33 stack frames]]>
    </failure>
  </testcase> <!-- sitesearch -->
  <testcase name="CPE_Goto_Template_Navigation" time="35.04" classname="TESTS.CPEsTest"/>
  <testcase name="EditTemplate_FromPolicy_Test" time="137.537" classname="TESTS.EditTemplateTest">
    <failure type="org.openqa.selenium.ElementClickInterceptedException" message="element click intercepted: Element &amp;lt;button _ngcontent-c8=&amp;quot;&amp;quot; class=&amp;quot;btn active-btn&amp;quot;&amp;gt;...&amp;lt;/button&amp;gt; is not clickable at point (1201, 134). Other element would receive the click: &amp;lt;div _ngcontent-c8=&amp;quot;&amp;quot; class=&amp;quot;subScreen show&amp;quot; id=&amp;quot;checkPopup&amp;quot;&amp;gt;...&amp;lt;/div&amp;gt;
  (Session info: chrome=81.0.4044.122)
Build info: version: &amp;apos;3.14.0&amp;apos;, revision: &amp;apos;aacccce0&amp;apos;, time: &amp;apos;2018-08-02T20:19:58.91Z&amp;apos;
System info: host: &amp;apos;DESKTOP-SC2E7I1&amp;apos;, ip: &amp;apos;172.20.10.2&amp;apos;, os.name: &amp;apos;Windows 10&amp;apos;, os.arch: &amp;apos;amd64&amp;apos;, os.version: &amp;apos;10.0&amp;apos;, java.version: &amp;apos;1.8.0_181&amp;apos;
Driver info: org.openqa.selenium.chrome.ChromeDriver
Capabilities {acceptInsecureCerts: false, browserName: chrome, browserVersion: 81.0.4044.122, chrome: {chromedriverVersion: 81.0.4044.69 (6813546031a4b..., userDataDir: C:\Users\TONYST~1\AppData\L...}, goog:chromeOptions: {debuggerAddress: localhost:51939}, javascriptEnabled: true, networkConnectionEnabled: false, pageLoadStrategy: normal, platform: WINDOWS, platformName: WINDOWS, proxy: Proxy(), setWindowRect: true, strictFileInteractability: false, timeouts: {implicit: 0, pageLoad: 300000, script: 30000}, unhandledPromptBehavior: dismiss and notify, webauthn:virtualAuthenticators: true}
Session ID: 84bce91cccd38a8a1e987aa86d22bf91">
      <![CDATA[org.openqa.selenium.ElementClickInterceptedException: element click intercepted: Element <button _ngcontent-c8="" class="btn active-btn">...</button> is not clickable at point (1201, 134). Other element would receive the click: <div _ngcontent-c8="" class="subScreen show" id="checkPopup">...</div>
  (Session info: chrome=81.0.4044.122)
Build info: version: '3.14.0', revision: 'aacccce0', time: '2018-08-02T20:19:58.91Z'
System info: host: 'DESKTOP-SC2E7I1', ip: '172.20.10.2', os.name: 'Windows 10', os.arch: 'amd64', os.version: '10.0', java.version: '1.8.0_181'
Driver info: org.openqa.selenium.chrome.ChromeDriver
Capabilities {acceptInsecureCerts: false, browserName: chrome, browserVersion: 81.0.4044.122, chrome: {chromedriverVersion: 81.0.4044.69 (6813546031a4b..., userDataDir: C:\Users\TONYST~1\AppData\L...}, goog:chromeOptions: {debuggerAddress: localhost:51939}, javascriptEnabled: true, networkConnectionEnabled: false, pageLoadStrategy: normal, platform: WINDOWS, platformName: WINDOWS, proxy: Proxy(), setWindowRect: true, strictFileInteractability: false, timeouts: {implicit: 0, pageLoad: 300000, script: 30000}, unhandledPromptBehavior: dismiss and notify, webauthn:virtualAuthenticators: true}
Session ID: 84bce91cccd38a8a1e987aa86d22bf91
at org.openqa.selenium.remote.http.W3CHttpResponseCodec.createException(W3CHttpResponseCodec.java:187)
at org.openqa.selenium.remote.http.W3CHttpResponseCodec.decode(W3CHttpResponseCodec.java:122)
at org.openqa.selenium.remote.http.W3CHttpResponseCodec.decode(W3CHttpResponseCodec.java:49)
at org.openqa.selenium.remote.HttpCommandExecutor.execute(HttpCommandExecutor.java:158)
at org.openqa.selenium.remote.service.DriverCommandExecutor.execute(DriverCommandExecutor.java:83)
at org.openqa.selenium.remote.RemoteWebDriver.execute(RemoteWebDriver.java:548)
at org.openqa.selenium.remote.RemoteWebElement.execute(RemoteWebElement.java:276)
at org.openqa.selenium.remote.RemoteWebElement.click(RemoteWebElement.java:83)
at org.openqa.selenium.support.pagefactory.internal.LocatingElementHandler.invoke(LocatingElementHandler.java:51)
at com.sun.proxy.$Proxy10.click(Unknown Source)
at POM.EditTemplatePage.savedata(EditTemplatePage.java:202)
at TESTS.EditTemplateTest.EditTemplate_FromPolicy_Test(EditTemplateTest.java:105)
... Removed 32 stack frames]]>
    </failure>
  </testcase> <!-- EditTemplate_FromPolicy_Test -->
  <testcase name="seach" time="66.452" classname="TESTS.PolicyTest">
    <failure type="java.lang.AssertionError" message="search count missmatch expected [23] but found [0]">
      <![CDATA[java.lang.AssertionError: search count missmatch expected [23] but found [0]
at TESTS.PolicyTest.searchhelp(PolicyTest.java:56)
at TESTS.PolicyTest.seach(PolicyTest.java:51)
... Removed 30 stack frames]]>
    </failure>
  </testcase> <!-- seach -->
  <testcase name="TemplateEditPage_EditTemplateTest" time="409.897" classname="TESTS.MultyEditTemplateTest"/>
  <testcase name="CPE_Goto_selected_Template_Navigation" time="0.0" classname="TESTS.CPEsTest">
    <ignored/>
  </testcase> <!-- CPE_Goto_selected_Template_Navigation -->
  <testcase name="CPE_Row_Edit_Alis" time="0.0" classname="TESTS.CPEsTest">
    <ignored/>
  </testcase> <!-- CPE_Row_Edit_Alis -->
  <testcase name="TemplateEditPage_summaryForm_ErrormsgTest" time="0.0" classname="TESTS.MultyEditTemplateTest">
    <ignored/>
  </testcase> <!-- TemplateEditPage_summaryForm_ErrormsgTest -->
  <testcase name="TemplateEditPage_Fill_summaryTest" time="0.0" classname="TESTS.MultyEditTemplateTest">
    <ignored/>
  </testcase> <!-- TemplateEditPage_Fill_summaryTest -->
  <testcase name="seach" time="0.0" classname="TESTS.CPEsTest">
    <ignored/>
  </testcase> <!-- seach -->
  <testcase name="CPE_Edit_Alis" time="0.0" classname="TESTS.CPEsTest">
    <ignored/>
  </testcase> <!-- CPE_Edit_Alis -->
</testsuite> <!-- Test(failed) -->
